# JRE version: Java(TM) SE Runtime Environment (8.0_221-b11) (build 1.8.0_221-b11)
# Java VM: Java HotSpot(TM) 64-Bit Server VM (25.221-b11 mixed mode windows-amd64 compressed oops)
Heap:
 PSYoungGen      total 115712K, used 15121K [0x00000000d5c00000, 0x00000000dd680000, 0x0000000100000000)
  eden space 105984K, 14% used [0x00000000d5c00000,0x00000000d6ac4540,0x00000000dc380000)
  from space 9728K, 0% used [0x00000000dc380000,0x00000000dc380000,0x00000000dcd00000)
  to   space 6656K, 0% used [0x00000000dd000000,0x00000000dd000000,0x00000000dd680000)
 ParOldGen       total 56320K, used 14080K [0x0000000081400000, 0x0000000084b00000, 0x00000000d5c00000)
  object space 56320K, 25% used [0x0000000081400000,0x00000000821c02d8,0x0000000084b00000)
 Metaspace       used 34097K, capacity 36527K, committed 36696K, reserved 1081344K
  class space    used 4752K, capacity 5217K, committed 5248K, reserved 1048576K
GC Heap History (10 events):
Event: 5.299 GC heap before
{Heap before GC invocations=9 (full 1):
 PSYoungGen      total 71680K, used 69138K [0x00000000d5c00000, 0x00000000dd980000, 0x0000000100000000)
  eden space 66560K, 100% used [0x00000000d5c00000,0x00000000d9d00000,0x00000000d9d00000)
  from space 5120K, 50% used [0x00000000d9d00000,0x00000000d9f84a88,0x00000000da200000)
  to   space 9728K, 0% used [0x00000000dd000000,0x00000000dd000000,0x00000000dd980000)
 ParOldGen       total 56320K, used 7224K [0x0000000081400000, 0x0000000084b00000, 0x00000000d5c00000)
  object space 56320K, 12% used [0x0000000081400000,0x0000000081b0e178,0x0000000084b00000)
 Metaspace       used 24049K, capacity 25166K, committed 25344K, reserved 1071104K
  class space    used 3239K, capacity 3504K, committed 3584K, reserved 1048576K
Event: 5.306 GC heap after
Heap after GC invocations=9 (full 1):
 PSYoungGen      total 112640K, used 6031K [0x00000000d5c00000, 0x00000000dd680000, 0x0000000100000000)
  eden space 105984K, 0% used [0x00000000d5c00000,0x00000000d5c00000,0x00000000dc380000)
  from space 6656K, 90% used [0x00000000dd000000,0x00000000dd5e3f78,0x00000000dd680000)
  to   space 9728K, 0% used [0x00000000dc380000,0x00000000dc380000,0x00000000dcd00000)
 ParOldGen       total 56320K, used 7232K [0x0000000081400000, 0x0000000084b00000, 0x00000000d5c00000)
  object space 56320K, 12% used [0x0000000081400000,0x0000000081b10178,0x0000000084b00000)
 Metaspace       used 24049K, capacity 25166K, committed 25344K, reserved 1071104K
  class space    used 3239K, capacity 3504K, committed 3584K, reserved 1048576K
}
Event: 6.605 GC heap before
{Heap before GC invocations=10 (full 1):
 PSYoungGen      total 112640K, used 112015K [0x00000000d5c00000, 0x00000000dd680000, 0x0000000100000000)
  eden space 105984K, 100% used [0x00000000d5c00000,0x00000000dc380000,0x00000000dc380000)
  from space 6656K, 90% used [0x00000000dd000000,0x00000000dd5e3f78,0x00000000dd680000)
  to   space 9728K, 0% used [0x00000000dc380000,0x00000000dc380000,0x00000000dcd00000)
 ParOldGen       total 56320K, used 7232K [0x0000000081400000, 0x0000000084b00000, 0x00000000d5c00000)
  object space 56320K, 12% used [0x0000000081400000,0x0000000081b10178,0x0000000084b00000)
 Metaspace       used 28770K, capacity 30438K, committed 30464K, reserved 1075200K
  class space    used 3992K, capacity 4338K, committed 4352K, reserved 1048576K
Event: 6.619 GC heap after
Heap after GC invocations=10 (full 1):
 PSYoungGen      total 115712K, used 9709K [0x00000000d5c00000, 0x00000000dd680000, 0x0000000100000000)
  eden space 105984K, 0% used [0x00000000d5c00000,0x00000000d5c00000,0x00000000dc380000)
  from space 9728K, 99% used [0x00000000dc380000,0x00000000dccfb6a0,0x00000000dcd00000)
  to   space 6656K, 0% used [0x00000000dd000000,0x00000000dd000000,0x00000000dd680000)
 ParOldGen       total 56320K, used 8821K [0x0000000081400000, 0x0000000084b00000, 0x00000000d5c00000)
  object space 56320K, 15% used [0x0000000081400000,0x0000000081c9d5b8,0x0000000084b00000)
 Metaspace       used 28770K, capacity 30438K, committed 30464K, reserved 1075200K
  class space    used 3992K, capacity 4338K, committed 4352K, reserved 1048576K
}
Event: 7.179 GC heap before
{Heap before GC invocations=11 (full 1):
 PSYoungGen      total 115712K, used 115680K [0x00000000d5c00000, 0x00000000dd680000, 0x0000000100000000)
  eden space 105984K, 99% used [0x00000000d5c00000,0x00000000dc37cab8,0x00000000dc380000)
  from space 9728K, 99% used [0x00000000dc380000,0x00000000dccfb6a0,0x00000000dcd00000)
  to   space 6656K, 0% used [0x00000000dd000000,0x00000000dd000000,0x00000000dd680000)
 ParOldGen       total 56320K, used 8821K [0x0000000081400000, 0x0000000084b00000, 0x00000000d5c00000)
  object space 56320K, 15% used [0x0000000081400000,0x0000000081c9d5b8,0x0000000084b00000)
 Metaspace       used 32553K, capacity 34726K, committed 34944K, reserved 1079296K
  class space    used 4474K, capacity 4888K, committed 4992K, reserved 1048576K
Event: 7.191 GC heap after
Heap after GC invocations=11 (full 1):
 PSYoungGen      total 112640K, used 6654K [0x00000000d5c00000, 0x00000000dd680000, 0x0000000100000000)
  eden space 105984K, 0% used [0x00000000d5c00000,0x00000000d5c00000,0x00000000dc380000)
  from space 6656K, 99% used [0x00000000dd000000,0x00000000dd67f900,0x00000000dd680000)
  to   space 9728K, 0% used [0x00000000dc380000,0x00000000dc380000,0x00000000dcd00000)
 ParOldGen       total 56320K, used 13068K [0x0000000081400000, 0x0000000084b00000, 0x00000000d5c00000)
  object space 56320K, 23% used [0x0000000081400000,0x00000000820c3358,0x0000000084b00000)
 Metaspace       used 32553K, capacity 34726K, committed 34944K, reserved 1079296K
  class space    used 4474K, capacity 4888K, committed 4992K, reserved 1048576K
}
Event: 7.387 GC heap before
{Heap before GC invocations=12 (full 1):
 PSYoungGen      total 112640K, used 35413K [0x00000000d5c00000, 0x00000000dd680000, 0x0000000100000000)
  eden space 105984K, 27% used [0x00000000d5c00000,0x00000000d7815ba0,0x00000000dc380000)
  from space 6656K, 99% used [0x00000000dd000000,0x00000000dd67f900,0x00000000dd680000)
  to   space 9728K, 0% used [0x00000000dc380000,0x00000000dc380000,0x00000000dcd00000)
 ParOldGen       total 56320K, used 13068K [0x0000000081400000, 0x0000000084b00000, 0x00000000d5c00000)
  object space 56320K, 23% used [0x0000000081400000,0x00000000820c3358,0x0000000084b00000)
 Metaspace       used 33119K, capacity 35407K, committed 35416K, reserved 1079296K
  class space    used 4561K, capacity 4992K, committed 4992K, reserved 1048576K
Event: 7.396 GC heap after
Heap after GC invocations=12 (full 1):
 PSYoungGen      total 115712K, used 975K [0x00000000d5c00000, 0x00000000dd680000, 0x0000000100000000)
  eden space 105984K, 0% used [0x00000000d5c00000,0x00000000d5c00000,0x00000000dc380000)
  from space 9728K, 10% used [0x00000000dc380000,0x00000000dc473fe8,0x00000000dcd00000)
  to   space 6656K, 0% used [0x00000000dd000000,0x00000000dd000000,0x00000000dd680000)
 ParOldGen       total 56320K, used 18584K [0x0000000081400000, 0x0000000084b00000, 0x00000000d5c00000)
  object space 56320K, 32% used [0x0000000081400000,0x00000000826263b8,0x0000000084b00000)
 Metaspace       used 33119K, capacity 35407K, committed 35416K, reserved 1079296K
  class space    used 4561K, capacity 4992K, committed 4992K, reserved 1048576K
}
Event: 7.396 GC heap before
{Heap before GC invocations=13 (full 2):
 PSYoungGen      total 115712K, used 975K [0x00000000d5c00000, 0x00000000dd680000, 0x0000000100000000)
  eden space 105984K, 0% used [0x00000000d5c00000,0x00000000d5c00000,0x00000000dc380000)
  from space 9728K, 10% used [0x00000000dc380000,0x00000000dc473fe8,0x00000000dcd00000)
  to   space 6656K, 0% used [0x00000000dd000000,0x00000000dd000000,0x00000000dd680000)
 ParOldGen       total 56320K, used 18584K [0x0000000081400000, 0x0000000084b00000, 0x00000000d5c00000)
  object space 56320K, 32% used [0x0000000081400000,0x00000000826263b8,0x0000000084b00000)
 Metaspace       used 33119K, capacity 35407K, committed 35416K, reserved 1079296K
  class space    used 4561K, capacity 4992K, committed 4992K, reserved 1048576K
Event: 7.482 GC heap after
Heap after GC invocations=13 (full 2):
 PSYoungGen      total 115712K, used 0K [0x00000000d5c00000, 0x00000000dd680000, 0x0000000100000000)
  eden space 105984K, 0% used [0x00000000d5c00000,0x00000000d5c00000,0x00000000dc380000)
  from space 9728K, 0% used [0x00000000dc380000,0x00000000dc380000,0x00000000dcd00000)
  to   space 6656K, 0% used [0x00000000dd000000,0x00000000dd000000,0x00000000dd680000)
 ParOldGen       total 56320K, used 14080K [0x0000000081400000, 0x0000000084b00000, 0x00000000d5c00000)
  object space 56320K, 25% used [0x0000000081400000,0x00000000821c02d8,0x0000000084b00000)
 Metaspace       used 33119K, capacity 35407K, committed 35416K, reserved 1079296K
  class space    used 4561K, capacity 4992K, committed 4992K, reserved 1048576K
}

