# JRE version: Java(TM) SE Runtime Environment (8.0_221-b11) (build 1.8.0_221-b11)
# Java VM: Java HotSpot(TM) 64-Bit Server VM (25.221-b11 mixed mode windows-amd64 compressed oops)
Heap:
 PSYoungGen      total 155648K, used 87206K [0x00000000f5580000, 0x0000000100000000, 0x0000000100000000)
  eden space 141824K, 51% used [0x00000000f5580000,0x00000000f9d31330,0x00000000fe000000)
  from space 13824K, 99% used [0x00000000ff080000,0x00000000ffdf8870,0x00000000ffe00000)
  to   space 16384K, 0% used [0x00000000fe000000,0x00000000fe000000,0x00000000ff000000)
 ParOldGen       total 175104K, used 17053K [0x00000000e0000000, 0x00000000eab00000, 0x00000000f5580000)
  object space 175104K, 9% used [0x00000000e0000000,0x00000000e10a7670,0x00000000eab00000)
 Metaspace       used 48493K, capacity 51602K, committed 51840K, reserved 1093632K
  class space    used 6971K, capacity 7508K, committed 7552K, reserved 1048576K
GC Heap History (10 events):
Event: 6.296 GC heap before
{Heap before GC invocations=6 (full 1):
 PSYoungGen      total 141824K, used 131072K [0x00000000f5580000, 0x00000000fea80000, 0x0000000100000000)
  eden space 131072K, 100% used [0x00000000f5580000,0x00000000fd580000,0x00000000fd580000)
  from space 10752K, 0% used [0x00000000fe000000,0x00000000fe000000,0x00000000fea80000)
  to   space 10752K, 0% used [0x00000000fd580000,0x00000000fd580000,0x00000000fe000000)
 ParOldGen       total 175104K, used 10031K [0x00000000e0000000, 0x00000000eab00000, 0x00000000f5580000)
  object space 175104K, 5% used [0x00000000e0000000,0x00000000e09cbcc8,0x00000000eab00000)
 Metaspace       used 32602K, capacity 33954K, committed 34176K, reserved 1079296K
  class space    used 4624K, capacity 4909K, committed 4992K, reserved 1048576K
Event: 6.311 GC heap after
Heap after GC invocations=6 (full 1):
 PSYoungGen      total 141824K, used 10750K [0x00000000f5580000, 0x0000000100000000, 0x0000000100000000)
  eden space 131072K, 0% used [0x00000000f5580000,0x00000000f5580000,0x00000000fd580000)
  from space 10752K, 99% used [0x00000000fd580000,0x00000000fdfff8a0,0x00000000fe000000)
  to   space 14848K, 0% used [0x00000000ff180000,0x00000000ff180000,0x0000000100000000)
 ParOldGen       total 175104K, used 12388K [0x00000000e0000000, 0x00000000eab00000, 0x00000000f5580000)
  object space 175104K, 7% used [0x00000000e0000000,0x00000000e0c19370,0x00000000eab00000)
 Metaspace       used 32602K, capacity 33954K, committed 34176K, reserved 1079296K
  class space    used 4624K, capacity 4909K, committed 4992K, reserved 1048576K
}
Event: 6.670 GC heap before
{Heap before GC invocations=7 (full 1):
 PSYoungGen      total 141824K, used 41295K [0x00000000f5580000, 0x0000000100000000, 0x0000000100000000)
  eden space 131072K, 23% used [0x00000000f5580000,0x00000000f7354560,0x00000000fd580000)
  from space 10752K, 99% used [0x00000000fd580000,0x00000000fdfff8a0,0x00000000fe000000)
  to   space 14848K, 0% used [0x00000000ff180000,0x00000000ff180000,0x0000000100000000)
 ParOldGen       total 175104K, used 12388K [0x00000000e0000000, 0x00000000eab00000, 0x00000000f5580000)
  object space 175104K, 7% used [0x00000000e0000000,0x00000000e0c19370,0x00000000eab00000)
 Metaspace       used 33967K, capacity 35326K, committed 35456K, reserved 1079296K
  class space    used 4860K, capacity 5181K, committed 5248K, reserved 1048576K
Event: 6.687 GC heap after
Heap after GC invocations=7 (full 1):
 PSYoungGen      total 159744K, used 7933K [0x00000000f5580000, 0x0000000100000000, 0x0000000100000000)
  eden space 144896K, 0% used [0x00000000f5580000,0x00000000f5580000,0x00000000fe300000)
  from space 14848K, 53% used [0x00000000ff180000,0x00000000ff93f7e8,0x0000000100000000)
  to   space 14848K, 0% used [0x00000000fe300000,0x00000000fe300000,0x00000000ff180000)
 ParOldGen       total 175104K, used 12396K [0x00000000e0000000, 0x00000000eab00000, 0x00000000f5580000)
  object space 175104K, 7% used [0x00000000e0000000,0x00000000e0c1b370,0x00000000eab00000)
 Metaspace       used 33967K, capacity 35326K, committed 35456K, reserved 1079296K
  class space    used 4860K, capacity 5181K, committed 5248K, reserved 1048576K
}
Event: 6.687 GC heap before
{Heap before GC invocations=8 (full 2):
 PSYoungGen      total 159744K, used 7933K [0x00000000f5580000, 0x0000000100000000, 0x0000000100000000)
  eden space 144896K, 0% used [0x00000000f5580000,0x00000000f5580000,0x00000000fe300000)
  from space 14848K, 53% used [0x00000000ff180000,0x00000000ff93f7e8,0x0000000100000000)
  to   space 14848K, 0% used [0x00000000fe300000,0x00000000fe300000,0x00000000ff180000)
 ParOldGen       total 175104K, used 12396K [0x00000000e0000000, 0x00000000eab00000, 0x00000000f5580000)
  object space 175104K, 7% used [0x00000000e0000000,0x00000000e0c1b370,0x00000000eab00000)
 Metaspace       used 33967K, capacity 35326K, committed 35456K, reserved 1079296K
  class space    used 4860K, capacity 5181K, committed 5248K, reserved 1048576K
Event: 6.760 GC heap after
Heap after GC invocations=8 (full 2):
 PSYoungGen      total 159744K, used 0K [0x00000000f5580000, 0x0000000100000000, 0x0000000100000000)
  eden space 144896K, 0% used [0x00000000f5580000,0x00000000f5580000,0x00000000fe300000)
  from space 14848K, 0% used [0x00000000ff180000,0x00000000ff180000,0x0000000100000000)
  to   space 14848K, 0% used [0x00000000fe300000,0x00000000fe300000,0x00000000ff180000)
 ParOldGen       total 175104K, used 15322K [0x00000000e0000000, 0x00000000eab00000, 0x00000000f5580000)
  object space 175104K, 8% used [0x00000000e0000000,0x00000000e0ef6828,0x00000000eab00000)
 Metaspace       used 33967K, capacity 35326K, committed 35456K, reserved 1079296K
  class space    used 4860K, capacity 5181K, committed 5248K, reserved 1048576K
}
Event: 8.679 GC heap before
{Heap before GC invocations=9 (full 2):
 PSYoungGen      total 159744K, used 144896K [0x00000000f5580000, 0x0000000100000000, 0x0000000100000000)
  eden space 144896K, 100% used [0x00000000f5580000,0x00000000fe300000,0x00000000fe300000)
  from space 14848K, 0% used [0x00000000ff180000,0x00000000ff180000,0x0000000100000000)
  to   space 14848K, 0% used [0x00000000fe300000,0x00000000fe300000,0x00000000ff180000)
 ParOldGen       total 175104K, used 15322K [0x00000000e0000000, 0x00000000eab00000, 0x00000000f5580000)
  object space 175104K, 8% used [0x00000000e0000000,0x00000000e0ef6828,0x00000000eab00000)
 Metaspace       used 40957K, capacity 42916K, committed 43008K, reserved 1085440K
  class space    used 5911K, capacity 6324K, committed 6400K, reserved 1048576K
Event: 8.687 GC heap after
Heap after GC invocations=9 (full 2):
 PSYoungGen      total 154112K, used 9113K [0x00000000f5580000, 0x00000000ffe00000, 0x0000000100000000)
  eden space 144896K, 0% used [0x00000000f5580000,0x00000000f5580000,0x00000000fe300000)
  from space 9216K, 98% used [0x00000000fe300000,0x00000000febe6588,0x00000000fec00000)
  to   space 13824K, 0% used [0x00000000ff080000,0x00000000ff080000,0x00000000ffe00000)
 ParOldGen       total 175104K, used 15330K [0x00000000e0000000, 0x00000000eab00000, 0x00000000f5580000)
  object space 175104K, 8% used [0x00000000e0000000,0x00000000e0ef8828,0x00000000eab00000)
 Metaspace       used 40957K, capacity 42916K, committed 43008K, reserved 1085440K
  class space    used 5911K, capacity 6324K, committed 6400K, reserved 1048576K
}
Event: 10.842 GC heap before
{Heap before GC invocations=10 (full 2):
 PSYoungGen      total 154112K, used 154009K [0x00000000f5580000, 0x00000000ffe00000, 0x0000000100000000)
  eden space 144896K, 100% used [0x00000000f5580000,0x00000000fe300000,0x00000000fe300000)
  from space 9216K, 98% used [0x00000000fe300000,0x00000000febe6588,0x00000000fec00000)
  to   space 13824K, 0% used [0x00000000ff080000,0x00000000ff080000,0x00000000ffe00000)
 ParOldGen       total 175104K, used 15330K [0x00000000e0000000, 0x00000000eab00000, 0x00000000f5580000)
  object space 175104K, 8% used [0x00000000e0000000,0x00000000e0ef8828,0x00000000eab00000)
 Metaspace       used 47712K, capacity 50618K, committed 50816K, reserved 1093632K
  class space    used 6923K, capacity 7444K, committed 7552K, reserved 1048576K
Event: 10.873 GC heap after
Heap after GC invocations=10 (full 2):
 PSYoungGen      total 155648K, used 13794K [0x00000000f5580000, 0x0000000100000000, 0x0000000100000000)
  eden space 141824K, 0% used [0x00000000f5580000,0x00000000f5580000,0x00000000fe000000)
  from space 13824K, 99% used [0x00000000ff080000,0x00000000ffdf8870,0x00000000ffe00000)
  to   space 16384K, 0% used [0x00000000fe000000,0x00000000fe000000,0x00000000ff000000)
 ParOldGen       total 175104K, used 17053K [0x00000000e0000000, 0x00000000eab00000, 0x00000000f5580000)
  object space 175104K, 9% used [0x00000000e0000000,0x00000000e10a7670,0x00000000eab00000)
 Metaspace       used 47712K, capacity 50618K, committed 50816K, reserved 1093632K
  class space    used 6923K, capacity 7444K, committed 7552K, reserved 1048576K
}

