# JRE version: Java(TM) SE Runtime Environment (8.0_221-b11) (build 1.8.0_221-b11)
# Java VM: Java HotSpot(TM) 64-Bit Server VM (25.221-b11 mixed mode windows-amd64 compressed oops)
Heap:
 PSYoungGen      total 69632K, used 49087K [0x00000000f5580000, 0x00000000fd080000, 0x0000000100000000)
  eden space 60928K, 71% used [0x00000000f5580000,0x00000000f7fe92f8,0x00000000f9100000)
  from space 8704K, 65% used [0x00000000f9100000,0x00000000f9686ce0,0x00000000f9980000)
  to   space 8192K, 0% used [0x00000000fc880000,0x00000000fc880000,0x00000000fd080000)
 ParOldGen       total 47104K, used 5702K [0x00000000e0000000, 0x00000000e2e00000, 0x00000000f5580000)
  object space 47104K, 12% used [0x00000000e0000000,0x00000000e05919a0,0x00000000e2e00000)
 Metaspace       used 27259K, capacity 29088K, committed 29184K, reserved 1075200K
  class space    used 3687K, capacity 4069K, committed 4096K, reserved 1048576K
GC Heap History (10 events):
Event: 3.737 GC heap before
{Heap before GC invocations=4 (full 0):
 PSYoungGen      total 38400K, used 35812K [0x00000000f5580000, 0x00000000f8000000, 0x0000000100000000)
  eden space 33280K, 92% used [0x00000000f5580000,0x00000000f737d368,0x00000000f7600000)
  from space 5120K, 99% used [0x00000000f7600000,0x00000000f7afc028,0x00000000f7b00000)
  to   space 5120K, 0% used [0x00000000f7b00000,0x00000000f7b00000,0x00000000f8000000)
 ParOldGen       total 87552K, used 2089K [0x00000000e0000000, 0x00000000e5580000, 0x00000000f5580000)
  object space 87552K, 2% used [0x00000000e0000000,0x00000000e020a540,0x00000000e5580000)
 Metaspace       used 19532K, capacity 21226K, committed 21504K, reserved 1067008K
  class space    used 2652K, capacity 2989K, committed 3072K, reserved 1048576K
Event: 3.761 GC heap after
Heap after GC invocations=4 (full 0):
 PSYoungGen      total 38400K, used 5095K [0x00000000f5580000, 0x00000000fa080000, 0x0000000100000000)
  eden space 33280K, 0% used [0x00000000f5580000,0x00000000f5580000,0x00000000f7600000)
  from space 5120K, 99% used [0x00000000f7b00000,0x00000000f7ff9f98,0x00000000f8000000)
  to   space 5120K, 0% used [0x00000000f7600000,0x00000000f7600000,0x00000000f7b00000)
 ParOldGen       total 87552K, used 4352K [0x00000000e0000000, 0x00000000e5580000, 0x00000000f5580000)
  object space 87552K, 4% used [0x00000000e0000000,0x00000000e0440260,0x00000000e5580000)
 Metaspace       used 19532K, capacity 21226K, committed 21504K, reserved 1067008K
  class space    used 2652K, capacity 2989K, committed 3072K, reserved 1048576K
}
Event: 3.784 GC heap before
{Heap before GC invocations=5 (full 0):
 PSYoungGen      total 38400K, used 7121K [0x00000000f5580000, 0x00000000fa080000, 0x0000000100000000)
  eden space 33280K, 6% used [0x00000000f5580000,0x00000000f577a740,0x00000000f7600000)
  from space 5120K, 99% used [0x00000000f7b00000,0x00000000f7ff9f98,0x00000000f8000000)
  to   space 5120K, 0% used [0x00000000f7600000,0x00000000f7600000,0x00000000f7b00000)
 ParOldGen       total 87552K, used 4352K [0x00000000e0000000, 0x00000000e5580000, 0x00000000f5580000)
  object space 87552K, 4% used [0x00000000e0000000,0x00000000e0440260,0x00000000e5580000)
 Metaspace       used 19848K, capacity 21514K, committed 21628K, reserved 1069056K
  class space    used 2675K, capacity 3021K, committed 3072K, reserved 1048576K
Event: 3.794 GC heap after
Heap after GC invocations=5 (full 0):
 PSYoungGen      total 38400K, used 5098K [0x00000000f5580000, 0x00000000fa680000, 0x0000000100000000)
  eden space 33280K, 0% used [0x00000000f5580000,0x00000000f5580000,0x00000000f7600000)
  from space 5120K, 99% used [0x00000000f7600000,0x00000000f7afaa48,0x00000000f7b00000)
  to   space 8192K, 0% used [0x00000000f9e80000,0x00000000f9e80000,0x00000000fa680000)
 ParOldGen       total 87552K, used 4488K [0x00000000e0000000, 0x00000000e5580000, 0x00000000f5580000)
  object space 87552K, 5% used [0x00000000e0000000,0x00000000e0462330,0x00000000e5580000)
 Metaspace       used 19848K, capacity 21514K, committed 21628K, reserved 1069056K
  class space    used 2675K, capacity 3021K, committed 3072K, reserved 1048576K
}
Event: 3.794 GC heap before
{Heap before GC invocations=6 (full 1):
 PSYoungGen      total 38400K, used 5098K [0x00000000f5580000, 0x00000000fa680000, 0x0000000100000000)
  eden space 33280K, 0% used [0x00000000f5580000,0x00000000f5580000,0x00000000f7600000)
  from space 5120K, 99% used [0x00000000f7600000,0x00000000f7afaa48,0x00000000f7b00000)
  to   space 8192K, 0% used [0x00000000f9e80000,0x00000000f9e80000,0x00000000fa680000)
 ParOldGen       total 87552K, used 4488K [0x00000000e0000000, 0x00000000e5580000, 0x00000000f5580000)
  object space 87552K, 5% used [0x00000000e0000000,0x00000000e0462330,0x00000000e5580000)
 Metaspace       used 19848K, capacity 21514K, committed 21628K, reserved 1069056K
  class space    used 2675K, capacity 3021K, committed 3072K, reserved 1048576K
Event: 3.847 GC heap after
Heap after GC invocations=6 (full 1):
 PSYoungGen      total 38400K, used 0K [0x00000000f5580000, 0x00000000fa680000, 0x0000000100000000)
  eden space 33280K, 0% used [0x00000000f5580000,0x00000000f5580000,0x00000000f7600000)
  from space 5120K, 0% used [0x00000000f7600000,0x00000000f7600000,0x00000000f7b00000)
  to   space 8192K, 0% used [0x00000000f9e80000,0x00000000f9e80000,0x00000000fa680000)
 ParOldGen       total 47104K, used 5702K [0x00000000e0000000, 0x00000000e2e00000, 0x00000000f5580000)
  object space 47104K, 12% used [0x00000000e0000000,0x00000000e05919a0,0x00000000e2e00000)
 Metaspace       used 19848K, capacity 21514K, committed 21628K, reserved 1069056K
  class space    used 2675K, capacity 3021K, committed 3072K, reserved 1048576K
}
Event: 4.330 GC heap before
{Heap before GC invocations=7 (full 1):
 PSYoungGen      total 38400K, used 33280K [0x00000000f5580000, 0x00000000fa680000, 0x0000000100000000)
  eden space 33280K, 100% used [0x00000000f5580000,0x00000000f7600000,0x00000000f7600000)
  from space 5120K, 0% used [0x00000000f7600000,0x00000000f7600000,0x00000000f7b00000)
  to   space 8192K, 0% used [0x00000000f9e80000,0x00000000f9e80000,0x00000000fa680000)
 ParOldGen       total 47104K, used 5702K [0x00000000e0000000, 0x00000000e2e00000, 0x00000000f5580000)
  object space 47104K, 12% used [0x00000000e0000000,0x00000000e05919a0,0x00000000e2e00000)
 Metaspace       used 22569K, capacity 24336K, committed 24448K, reserved 1071104K
  class space    used 3091K, capacity 3455K, committed 3456K, reserved 1048576K
Event: 4.344 GC heap after
Heap after GC invocations=7 (full 1):
 PSYoungGen      total 64512K, used 2846K [0x00000000f5580000, 0x00000000fa200000, 0x0000000100000000)
  eden space 60928K, 0% used [0x00000000f5580000,0x00000000f5580000,0x00000000f9100000)
  from space 3584K, 79% used [0x00000000f9e80000,0x00000000fa1478c8,0x00000000fa200000)
  to   space 8704K, 0% used [0x00000000f9100000,0x00000000f9100000,0x00000000f9980000)
 ParOldGen       total 47104K, used 5702K [0x00000000e0000000, 0x00000000e2e00000, 0x00000000f5580000)
  object space 47104K, 12% used [0x00000000e0000000,0x00000000e05919a0,0x00000000e2e00000)
 Metaspace       used 22569K, capacity 24336K, committed 24448K, reserved 1071104K
  class space    used 3091K, capacity 3455K, committed 3456K, reserved 1048576K
}
Event: 5.347 GC heap before
{Heap before GC invocations=8 (full 1):
 PSYoungGen      total 64512K, used 63757K [0x00000000f5580000, 0x00000000fa200000, 0x0000000100000000)
  eden space 60928K, 99% used [0x00000000f5580000,0x00000000f90fbcb0,0x00000000f9100000)
  from space 3584K, 79% used [0x00000000f9e80000,0x00000000fa1478c8,0x00000000fa200000)
  to   space 8704K, 0% used [0x00000000f9100000,0x00000000f9100000,0x00000000f9980000)
 ParOldGen       total 47104K, used 5702K [0x00000000e0000000, 0x00000000e2e00000, 0x00000000f5580000)
  object space 47104K, 12% used [0x00000000e0000000,0x00000000e05919a0,0x00000000e2e00000)
 Metaspace       used 25460K, capacity 27306K, committed 27520K, reserved 1073152K
  class space    used 3521K, capacity 3902K, committed 3968K, reserved 1048576K
Event: 5.368 GC heap after
Heap after GC invocations=8 (full 1):
 PSYoungGen      total 69632K, used 5659K [0x00000000f5580000, 0x00000000fd080000, 0x0000000100000000)
  eden space 60928K, 0% used [0x00000000f5580000,0x00000000f5580000,0x00000000f9100000)
  from space 8704K, 65% used [0x00000000f9100000,0x00000000f9686ce0,0x00000000f9980000)
  to   space 8192K, 0% used [0x00000000fc880000,0x00000000fc880000,0x00000000fd080000)
 ParOldGen       total 47104K, used 5702K [0x00000000e0000000, 0x00000000e2e00000, 0x00000000f5580000)
  object space 47104K, 12% used [0x00000000e0000000,0x00000000e05919a0,0x00000000e2e00000)
 Metaspace       used 25460K, capacity 27306K, committed 27520K, reserved 1073152K
  class space    used 3521K, capacity 3902K, committed 3968K, reserved 1048576K
}

